# JRE version: Java(TM) SE Runtime Environment (17.0.12+8) (build 17.0.12+8-LTS-286)
# Java VM: Java HotSpot(TM) 64-Bit Server VM (17.0.12+8-LTS-286, mixed mode, sharing, tiered, compressed oops, compressed class ptrs, g1 gc, windows-amd64)
GC Precious Log:
 CPUs: 12 total, 12 available
 Memory: 6964M
 Large Page Support: Disabled
 NUMA Support: Disabled
 Compressed Oops: Enabled (Zero based)
 Heap Region Size: 2M
 Heap Min Capacity: 8M
 Heap Initial Capacity: 110M
 Heap Max Capacity: 4G
 Pre-touch: Disabled
 Parallel Workers: 10
 Concurrent Workers: 3
 Concurrent Refinement Workers: 10
 Periodic GC: Disabled
Heap:
 garbage-first heap   total 595968K, used 321460K [0x0000000700000000, 0x0000000800000000)
  region size 2048K, 122 young (249856K), 5 survivors (10240K)
 Metaspace       used 52698K, committed 53952K, reserved 1114112K
  class space    used 7117K, committed 7744K, reserved 1048576K
GC Heap History (20 events):
Event: 2101.184 GC heap before
{Heap before GC invocations=57 (full 0):
 garbage-first heap   total 411648K, used 313975K [0x0000000700000000, 0x0000000800000000)
  region size 2048K, 120 young (245760K), 7 survivors (14336K)
 Metaspace       used 50508K, committed 51776K, reserved 1114112K
  class space    used 6994K, committed 7616K, reserved 1048576K
}
Event: 2101.199 GC heap after
{Heap after GC invocations=58 (full 0):
 garbage-first heap   total 411648K, used 84360K [0x0000000700000000, 0x0000000800000000)
  region size 2048K, 8 young (16384K), 8 survivors (16384K)
 Metaspace       used 50508K, committed 51776K, reserved 1114112K
  class space    used 6994K, committed 7616K, reserved 1048576K
}
Event: 2101.778 GC heap before
{Heap before GC invocations=58 (full 0):
 garbage-first heap   total 411648K, used 313736K [0x0000000700000000, 0x0000000800000000)
  region size 2048K, 120 young (245760K), 8 survivors (16384K)
 Metaspace       used 50511K, committed 51776K, reserved 1114112K
  class space    used 6994K, committed 7616K, reserved 1048576K
}
Event: 2101.802 GC heap after
{Heap after GC invocations=59 (full 0):
 garbage-first heap   total 495616K, used 85975K [0x0000000700000000, 0x0000000800000000)
  region size 2048K, 9 young (18432K), 9 survivors (18432K)
 Metaspace       used 50511K, committed 51776K, reserved 1114112K
  class space    used 6994K, committed 7616K, reserved 1048576K
}
Event: 2102.391 GC heap before
{Heap before GC invocations=59 (full 0):
 garbage-first heap   total 495616K, used 364503K [0x0000000700000000, 0x0000000800000000)
  region size 2048K, 145 young (296960K), 9 survivors (18432K)
 Metaspace       used 50511K, committed 51776K, reserved 1114112K
  class space    used 6994K, committed 7616K, reserved 1048576K
}
Event: 2102.416 GC heap after
{Heap after GC invocations=60 (full 0):
 garbage-first heap   total 495616K, used 86925K [0x0000000700000000, 0x0000000800000000)
  region size 2048K, 9 young (18432K), 9 survivors (18432K)
 Metaspace       used 50511K, committed 51776K, reserved 1114112K
  class space    used 6994K, committed 7616K, reserved 1048576K
}
Event: 2103.180 GC heap before
{Heap before GC invocations=60 (full 0):
 garbage-first heap   total 495616K, used 365453K [0x0000000700000000, 0x0000000800000000)
  region size 2048K, 145 young (296960K), 9 survivors (18432K)
 Metaspace       used 50511K, committed 51776K, reserved 1114112K
  class space    used 6994K, committed 7616K, reserved 1048576K
}
Event: 2103.189 GC heap after
{Heap after GC invocations=61 (full 0):
 garbage-first heap   total 495616K, used 88408K [0x0000000700000000, 0x0000000800000000)
  region size 2048K, 9 young (18432K), 9 survivors (18432K)
 Metaspace       used 50511K, committed 51776K, reserved 1114112K
  class space    used 6994K, committed 7616K, reserved 1048576K
}
Event: 2103.673 GC heap before
{Heap before GC invocations=61 (full 0):
 garbage-first heap   total 495616K, used 366936K [0x0000000700000000, 0x0000000800000000)
  region size 2048K, 145 young (296960K), 9 survivors (18432K)
 Metaspace       used 50514K, committed 51776K, reserved 1114112K
  class space    used 6994K, committed 7616K, reserved 1048576K
}
Event: 2103.681 GC heap after
{Heap after GC invocations=62 (full 0):
 garbage-first heap   total 495616K, used 89700K [0x0000000700000000, 0x0000000800000000)
  region size 2048K, 10 young (20480K), 10 survivors (20480K)
 Metaspace       used 50514K, committed 51776K, reserved 1114112K
  class space    used 6994K, committed 7616K, reserved 1048576K
}
Event: 2104.071 GC heap before
{Heap before GC invocations=62 (full 0):
 garbage-first heap   total 495616K, used 366180K [0x0000000700000000, 0x0000000800000000)
  region size 2048K, 145 young (296960K), 10 survivors (20480K)
 Metaspace       used 50519K, committed 51776K, reserved 1114112K
  class space    used 6994K, committed 7616K, reserved 1048576K
}
Event: 2104.078 GC heap after
{Heap after GC invocations=63 (full 0):
 garbage-first heap   total 495616K, used 90638K [0x0000000700000000, 0x0000000800000000)
  region size 2048K, 10 young (20480K), 10 survivors (20480K)
 Metaspace       used 50519K, committed 51776K, reserved 1114112K
  class space    used 6994K, committed 7616K, reserved 1048576K
}
Event: 2104.497 GC heap before
{Heap before GC invocations=63 (full 0):
 garbage-first heap   total 495616K, used 367118K [0x0000000700000000, 0x0000000800000000)
  region size 2048K, 145 young (296960K), 10 survivors (20480K)
 Metaspace       used 50519K, committed 51776K, reserved 1114112K
  class space    used 6994K, committed 7616K, reserved 1048576K
}
Event: 2104.506 GC heap after
{Heap after GC invocations=64 (full 0):
 garbage-first heap   total 495616K, used 92099K [0x0000000700000000, 0x0000000800000000)
  region size 2048K, 10 young (20480K), 10 survivors (20480K)
 Metaspace       used 50519K, committed 51776K, reserved 1114112K
  class space    used 6994K, committed 7616K, reserved 1048576K
}
Event: 2105.142 GC heap before
{Heap before GC invocations=64 (full 0):
 garbage-first heap   total 495616K, used 368579K [0x0000000700000000, 0x0000000800000000)
  region size 2048K, 145 young (296960K), 10 survivors (20480K)
 Metaspace       used 50519K, committed 51776K, reserved 1114112K
  class space    used 6994K, committed 7616K, reserved 1048576K
}
Event: 2105.155 GC heap after
{Heap after GC invocations=65 (full 0):
 garbage-first heap   total 595968K, used 94009K [0x0000000700000000, 0x0000000800000000)
  region size 2048K, 11 young (22528K), 11 survivors (22528K)
 Metaspace       used 50519K, committed 51776K, reserved 1114112K
  class space    used 6994K, committed 7616K, reserved 1048576K
}
Event: 2108.663 GC heap before
{Heap before GC invocations=65 (full 0):
 garbage-first heap   total 595968K, used 427833K [0x0000000700000000, 0x0000000800000000)
  region size 2048K, 174 young (356352K), 11 survivors (22528K)
 Metaspace       used 52527K, committed 53760K, reserved 1114112K
  class space    used 7112K, committed 7680K, reserved 1048576K
}
Event: 2108.677 GC heap after
{Heap after GC invocations=66 (full 0):
 garbage-first heap   total 595968K, used 81826K [0x0000000700000000, 0x0000000800000000)
  region size 2048K, 4 young (8192K), 4 survivors (8192K)
 Metaspace       used 52527K, committed 53760K, reserved 1114112K
  class space    used 7112K, committed 7680K, reserved 1048576K
}
Event: 2109.347 GC heap before
{Heap before GC invocations=66 (full 0):
 garbage-first heap   total 595968K, used 429986K [0x0000000700000000, 0x0000000800000000)
  region size 2048K, 174 young (356352K), 4 survivors (8192K)
 Metaspace       used 52676K, committed 53952K, reserved 1114112K
  class space    used 7117K, committed 7744K, reserved 1048576K
}
Event: 2109.351 GC heap after
{Heap after GC invocations=67 (full 0):
 garbage-first heap   total 595968K, used 82930K [0x0000000700000000, 0x0000000800000000)
  region size 2048K, 5 young (10240K), 5 survivors (10240K)
 Metaspace       used 52676K, committed 53952K, reserved 1114112K
  class space    used 7117K, committed 7744K, reserved 1048576K
}

