# JRE version: OpenJDK Runtime Environment Temurin-21.0.7+6 (21.0.7+6) (build 21.0.7+6-LTS)
# Java VM: OpenJDK 64-Bit Server VM Temurin-21.0.7+6 (21.0.7+6-LTS, mixed mode, sharing, tiered, compressed oops, compressed class ptrs, parallel gc, windows-amd64)
GC Precious Log:
 CardTable entry size: 512
 CPUs: 12 total, 12 available
 Memory: 6964M
 Large Page Support: Disabled
 NUMA Support: Disabled
 Compressed Oops: Enabled (Zero based)
 Alignments: Space 512K, Generation 512K, Heap 2M
 Heap Min Capacity: 100M
 Heap Initial Capacity: 100M
 Heap Max Capacity: 4G
 Pre-touch: Disabled
 Parallel Workers: 10
Heap:
 PSYoungGen      total 5120K, used 2829K [0x00000007aab00000, 0x00000007ab100000, 0x0000000800000000)
  eden space 4608K, 52% used [0x00000007aab00000,0x00000007aad58248,0x00000007aaf80000)
  from space 512K, 83% used [0x00000007ab080000,0x00000007ab0eb260,0x00000007ab100000)
  to   space 512K, 0% used [0x00000007ab000000,0x00000007ab000000,0x00000007ab080000)
 ParOldGen       total 1947648K, used 1947569K [0x0000000700000000, 0x0000000776e00000, 0x00000007aab00000)
  object space 1947648K, 99% used [0x0000000700000000,0x0000000776dec700,0x0000000776e00000)
 Metaspace       used 90341K, committed 92224K, reserved 1179648K
  class space    used 11727K, committed 12608K, reserved 1048576K
GC Heap History (20 events):
Event: 407.094 GC heap before
{Heap before GC invocations=2730 (full 3):
 PSYoungGen      total 5120K, used 4832K [0x00000007aab00000, 0x00000007ab100000, 0x0000000800000000)
  eden space 4608K, 100% used [0x00000007aab00000,0x00000007aaf80000,0x00000007aaf80000)
  from space 512K, 43% used [0x00000007ab080000,0x00000007ab0b8000,0x00000007ab100000)
  to   space 512K, 0% used [0x00000007ab000000,0x00000007ab000000,0x00000007ab080000)
 ParOldGen       total 1947648K, used 1947353K [0x0000000700000000, 0x0000000776e00000, 0x00000007aab00000)
  object space 1947648K, 99% used [0x0000000700000000,0x0000000776db6700,0x0000000776e00000)
 Metaspace       used 90336K, committed 92224K, reserved 1179648K
  class space    used 11727K, committed 12608K, reserved 1048576K
}
Event: 407.100 GC heap after
{Heap after GC invocations=2730 (full 3):
 PSYoungGen      total 5120K, used 256K [0x00000007aab00000, 0x00000007ab100000, 0x0000000800000000)
  eden space 4608K, 0% used [0x00000007aab00000,0x00000007aab00000,0x00000007aaf80000)
  from space 512K, 50% used [0x00000007ab000000,0x00000007ab040000,0x00000007ab080000)
  to   space 512K, 0% used [0x00000007ab080000,0x00000007ab080000,0x00000007ab100000)
 ParOldGen       total 1947648K, used 1947409K [0x0000000700000000, 0x0000000776e00000, 0x00000007aab00000)
  object space 1947648K, 99% used [0x0000000700000000,0x0000000776dc4700,0x0000000776e00000)
 Metaspace       used 90336K, committed 92224K, reserved 1179648K
  class space    used 11727K, committed 12608K, reserved 1048576K
}
Event: 407.192 GC heap before
{Heap before GC invocations=2731 (full 3):
 PSYoungGen      total 5120K, used 4864K [0x00000007aab00000, 0x00000007ab100000, 0x0000000800000000)
  eden space 4608K, 100% used [0x00000007aab00000,0x00000007aaf80000,0x00000007aaf80000)
  from space 512K, 50% used [0x00000007ab000000,0x00000007ab040000,0x00000007ab080000)
  to   space 512K, 0% used [0x00000007ab080000,0x00000007ab080000,0x00000007ab100000)
 ParOldGen       total 1947648K, used 1947409K [0x0000000700000000, 0x0000000776e00000, 0x00000007aab00000)
  object space 1947648K, 99% used [0x0000000700000000,0x0000000776dc4700,0x0000000776e00000)
 Metaspace       used 90336K, committed 92224K, reserved 1179648K
  class space    used 11727K, committed 12608K, reserved 1048576K
}
Event: 407.195 GC heap after
{Heap after GC invocations=2731 (full 3):
 PSYoungGen      total 5120K, used 224K [0x00000007aab00000, 0x00000007ab100000, 0x0000000800000000)
  eden space 4608K, 0% used [0x00000007aab00000,0x00000007aab00000,0x00000007aaf80000)
  from space 512K, 43% used [0x00000007ab080000,0x00000007ab0b8000,0x00000007ab100000)
  to   space 512K, 0% used [0x00000007ab000000,0x00000007ab000000,0x00000007ab080000)
 ParOldGen       total 1947648K, used 1947433K [0x0000000700000000, 0x0000000776e00000, 0x00000007aab00000)
  object space 1947648K, 99% used [0x0000000700000000,0x0000000776dca700,0x0000000776e00000)
 Metaspace       used 90336K, committed 92224K, reserved 1179648K
  class space    used 11727K, committed 12608K, reserved 1048576K
}
Event: 407.291 GC heap before
{Heap before GC invocations=2732 (full 3):
 PSYoungGen      total 5120K, used 4832K [0x00000007aab00000, 0x00000007ab100000, 0x0000000800000000)
  eden space 4608K, 100% used [0x00000007aab00000,0x00000007aaf80000,0x00000007aaf80000)
  from space 512K, 43% used [0x00000007ab080000,0x00000007ab0b8000,0x00000007ab100000)
  to   space 512K, 0% used [0x00000007ab000000,0x00000007ab000000,0x00000007ab080000)
 ParOldGen       total 1947648K, used 1947433K [0x0000000700000000, 0x0000000776e00000, 0x00000007aab00000)
  object space 1947648K, 99% used [0x0000000700000000,0x0000000776dca700,0x0000000776e00000)
 Metaspace       used 90336K, committed 92224K, reserved 1179648K
  class space    used 11727K, committed 12608K, reserved 1048576K
}
Event: 407.294 GC heap after
{Heap after GC invocations=2732 (full 3):
 PSYoungGen      total 5120K, used 224K [0x00000007aab00000, 0x00000007ab100000, 0x0000000800000000)
  eden space 4608K, 0% used [0x00000007aab00000,0x00000007aab00000,0x00000007aaf80000)
  from space 512K, 43% used [0x00000007ab000000,0x00000007ab038000,0x00000007ab080000)
  to   space 512K, 0% used [0x00000007ab080000,0x00000007ab080000,0x00000007ab100000)
 ParOldGen       total 1947648K, used 1947433K [0x0000000700000000, 0x0000000776e00000, 0x00000007aab00000)
  object space 1947648K, 99% used [0x0000000700000000,0x0000000776dca700,0x0000000776e00000)
 Metaspace       used 90336K, committed 92224K, reserved 1179648K
  class space    used 11727K, committed 12608K, reserved 1048576K
}
Event: 407.354 GC heap before
{Heap before GC invocations=2733 (full 3):
 PSYoungGen      total 5120K, used 4832K [0x00000007aab00000, 0x00000007ab100000, 0x0000000800000000)
  eden space 4608K, 100% used [0x00000007aab00000,0x00000007aaf80000,0x00000007aaf80000)
  from space 512K, 43% used [0x00000007ab000000,0x00000007ab038000,0x00000007ab080000)
  to   space 512K, 0% used [0x00000007ab080000,0x00000007ab080000,0x00000007ab100000)
 ParOldGen       total 1947648K, used 1947433K [0x0000000700000000, 0x0000000776e00000, 0x00000007aab00000)
  object space 1947648K, 99% used [0x0000000700000000,0x0000000776dca700,0x0000000776e00000)
 Metaspace       used 90336K, committed 92224K, reserved 1179648K
  class space    used 11727K, committed 12608K, reserved 1048576K
}
Event: 407.368 GC heap after
{Heap after GC invocations=2733 (full 3):
 PSYoungGen      total 5120K, used 160K [0x00000007aab00000, 0x00000007ab100000, 0x0000000800000000)
  eden space 4608K, 0% used [0x00000007aab00000,0x00000007aab00000,0x00000007aaf80000)
  from space 512K, 31% used [0x00000007ab080000,0x00000007ab0a8000,0x00000007ab100000)
  to   space 512K, 0% used [0x00000007ab000000,0x00000007ab000000,0x00000007ab080000)
 ParOldGen       total 1947648K, used 1947433K [0x0000000700000000, 0x0000000776e00000, 0x00000007aab00000)
  object space 1947648K, 99% used [0x0000000700000000,0x0000000776dca700,0x0000000776e00000)
 Metaspace       used 90336K, committed 92224K, reserved 1179648K
  class space    used 11727K, committed 12608K, reserved 1048576K
}
Event: 407.452 GC heap before
{Heap before GC invocations=2734 (full 3):
 PSYoungGen      total 5120K, used 4768K [0x00000007aab00000, 0x00000007ab100000, 0x0000000800000000)
  eden space 4608K, 100% used [0x00000007aab00000,0x00000007aaf80000,0x00000007aaf80000)
  from space 512K, 31% used [0x00000007ab080000,0x00000007ab0a8000,0x00000007ab100000)
  to   space 512K, 0% used [0x00000007ab000000,0x00000007ab000000,0x00000007ab080000)
 ParOldGen       total 1947648K, used 1947433K [0x0000000700000000, 0x0000000776e00000, 0x00000007aab00000)
  object space 1947648K, 99% used [0x0000000700000000,0x0000000776dca700,0x0000000776e00000)
 Metaspace       used 90336K, committed 92224K, reserved 1179648K
  class space    used 11727K, committed 12608K, reserved 1048576K
}
Event: 407.477 GC heap after
{Heap after GC invocations=2734 (full 3):
 PSYoungGen      total 5120K, used 192K [0x00000007aab00000, 0x00000007ab100000, 0x0000000800000000)
  eden space 4608K, 0% used [0x00000007aab00000,0x00000007aab00000,0x00000007aaf80000)
  from space 512K, 37% used [0x00000007ab000000,0x00000007ab030000,0x00000007ab080000)
  to   space 512K, 0% used [0x00000007ab080000,0x00000007ab080000,0x00000007ab100000)
 ParOldGen       total 1947648K, used 1947441K [0x0000000700000000, 0x0000000776e00000, 0x00000007aab00000)
  object space 1947648K, 99% used [0x0000000700000000,0x0000000776dcc700,0x0000000776e00000)
 Metaspace       used 90336K, committed 92224K, reserved 1179648K
  class space    used 11727K, committed 12608K, reserved 1048576K
}
Event: 410.278 GC heap before
{Heap before GC invocations=2735 (full 3):
 PSYoungGen      total 5120K, used 4800K [0x00000007aab00000, 0x00000007ab100000, 0x0000000800000000)
  eden space 4608K, 100% used [0x00000007aab00000,0x00000007aaf80000,0x00000007aaf80000)
  from space 512K, 37% used [0x00000007ab000000,0x00000007ab030000,0x00000007ab080000)
  to   space 512K, 0% used [0x00000007ab080000,0x00000007ab080000,0x00000007ab100000)
 ParOldGen       total 1947648K, used 1947441K [0x0000000700000000, 0x0000000776e00000, 0x00000007aab00000)
  object space 1947648K, 99% used [0x0000000700000000,0x0000000776dcc700,0x0000000776e00000)
 Metaspace       used 90336K, committed 92224K, reserved 1179648K
  class space    used 11727K, committed 12608K, reserved 1048576K
}
Event: 410.289 GC heap after
{Heap after GC invocations=2735 (full 3):
 PSYoungGen      total 5120K, used 224K [0x00000007aab00000, 0x00000007ab100000, 0x0000000800000000)
  eden space 4608K, 0% used [0x00000007aab00000,0x00000007aab00000,0x00000007aaf80000)
  from space 512K, 43% used [0x00000007ab080000,0x00000007ab0b8000,0x00000007ab100000)
  to   space 512K, 0% used [0x00000007ab000000,0x00000007ab000000,0x00000007ab080000)
 ParOldGen       total 1947648K, used 1947441K [0x0000000700000000, 0x0000000776e00000, 0x00000007aab00000)
  object space 1947648K, 99% used [0x0000000700000000,0x0000000776dcc700,0x0000000776e00000)
 Metaspace       used 90336K, committed 92224K, reserved 1179648K
  class space    used 11727K, committed 12608K, reserved 1048576K
}
Event: 417.553 GC heap before
{Heap before GC invocations=2736 (full 3):
 PSYoungGen      total 5120K, used 4832K [0x00000007aab00000, 0x00000007ab100000, 0x0000000800000000)
  eden space 4608K, 100% used [0x00000007aab00000,0x00000007aaf80000,0x00000007aaf80000)
  from space 512K, 43% used [0x00000007ab080000,0x00000007ab0b8000,0x00000007ab100000)
  to   space 512K, 0% used [0x00000007ab000000,0x00000007ab000000,0x00000007ab080000)
 ParOldGen       total 1947648K, used 1947441K [0x0000000700000000, 0x0000000776e00000, 0x00000007aab00000)
  object space 1947648K, 99% used [0x0000000700000000,0x0000000776dcc700,0x0000000776e00000)
 Metaspace       used 90337K, committed 92224K, reserved 1179648K
  class space    used 11727K, committed 12608K, reserved 1048576K
}
Event: 417.557 GC heap after
{Heap after GC invocations=2736 (full 3):
 PSYoungGen      total 5120K, used 288K [0x00000007aab00000, 0x00000007ab100000, 0x0000000800000000)
  eden space 4608K, 0% used [0x00000007aab00000,0x00000007aab00000,0x00000007aaf80000)
  from space 512K, 56% used [0x00000007ab000000,0x00000007ab048000,0x00000007ab080000)
  to   space 512K, 0% used [0x00000007ab080000,0x00000007ab080000,0x00000007ab100000)
 ParOldGen       total 1947648K, used 1947497K [0x0000000700000000, 0x0000000776e00000, 0x00000007aab00000)
  object space 1947648K, 99% used [0x0000000700000000,0x0000000776dda700,0x0000000776e00000)
 Metaspace       used 90337K, committed 92224K, reserved 1179648K
  class space    used 11727K, committed 12608K, reserved 1048576K
}
Event: 419.781 GC heap before
{Heap before GC invocations=2737 (full 3):
 PSYoungGen      total 5120K, used 4896K [0x00000007aab00000, 0x00000007ab100000, 0x0000000800000000)
  eden space 4608K, 100% used [0x00000007aab00000,0x00000007aaf80000,0x00000007aaf80000)
  from space 512K, 56% used [0x00000007ab000000,0x00000007ab048000,0x00000007ab080000)
  to   space 512K, 0% used [0x00000007ab080000,0x00000007ab080000,0x00000007ab100000)
 ParOldGen       total 1947648K, used 1947497K [0x0000000700000000, 0x0000000776e00000, 0x00000007aab00000)
  object space 1947648K, 99% used [0x0000000700000000,0x0000000776dda700,0x0000000776e00000)
 Metaspace       used 90337K, committed 92224K, reserved 1179648K
  class space    used 11727K, committed 12608K, reserved 1048576K
}
Event: 419.782 GC heap after
{Heap after GC invocations=2737 (full 3):
 PSYoungGen      total 5120K, used 160K [0x00000007aab00000, 0x00000007ab100000, 0x0000000800000000)
  eden space 4608K, 0% used [0x00000007aab00000,0x00000007aab00000,0x00000007aaf80000)
  from space 512K, 31% used [0x00000007ab080000,0x00000007ab0a8000,0x00000007ab100000)
  to   space 512K, 0% used [0x00000007ab000000,0x00000007ab000000,0x00000007ab080000)
 ParOldGen       total 1947648K, used 1947553K [0x0000000700000000, 0x0000000776e00000, 0x00000007aab00000)
  object space 1947648K, 99% used [0x0000000700000000,0x0000000776de8700,0x0000000776e00000)
 Metaspace       used 90337K, committed 92224K, reserved 1179648K
  class space    used 11727K, committed 12608K, reserved 1048576K
}
Event: 419.975 GC heap before
{Heap before GC invocations=2738 (full 3):
 PSYoungGen      total 5120K, used 4768K [0x00000007aab00000, 0x00000007ab100000, 0x0000000800000000)
  eden space 4608K, 100% used [0x00000007aab00000,0x00000007aaf80000,0x00000007aaf80000)
  from space 512K, 31% used [0x00000007ab080000,0x00000007ab0a8000,0x00000007ab100000)
  to   space 512K, 0% used [0x00000007ab000000,0x00000007ab000000,0x00000007ab080000)
 ParOldGen       total 1947648K, used 1947553K [0x0000000700000000, 0x0000000776e00000, 0x00000007aab00000)
  object space 1947648K, 99% used [0x0000000700000000,0x0000000776de8700,0x0000000776e00000)
 Metaspace       used 90337K, committed 92224K, reserved 1179648K
  class space    used 11727K, committed 12608K, reserved 1048576K
}
Event: 419.980 GC heap after
{Heap after GC invocations=2738 (full 3):
 PSYoungGen      total 5120K, used 128K [0x00000007aab00000, 0x00000007ab100000, 0x0000000800000000)
  eden space 4608K, 0% used [0x00000007aab00000,0x00000007aab00000,0x00000007aaf80000)
  from space 512K, 25% used [0x00000007ab000000,0x00000007ab020000,0x00000007ab080000)
  to   space 512K, 0% used [0x00000007ab080000,0x00000007ab080000,0x00000007ab100000)
 ParOldGen       total 1947648K, used 1947569K [0x0000000700000000, 0x0000000776e00000, 0x00000007aab00000)
  object space 1947648K, 99% used [0x0000000700000000,0x0000000776dec700,0x0000000776e00000)
 Metaspace       used 90337K, committed 92224K, reserved 1179648K
  class space    used 11727K, committed 12608K, reserved 1048576K
}
Event: 420.264 GC heap before
{Heap before GC invocations=2739 (full 3):
 PSYoungGen      total 5120K, used 4702K [0x00000007aab00000, 0x00000007ab100000, 0x0000000800000000)
  eden space 4608K, 99% used [0x00000007aab00000,0x00000007aaf77828,0x00000007aaf80000)
  from space 512K, 25% used [0x00000007ab000000,0x00000007ab020000,0x00000007ab080000)
  to   space 512K, 0% used [0x00000007ab080000,0x00000007ab080000,0x00000007ab100000)
 ParOldGen       total 1947648K, used 1947569K [0x0000000700000000, 0x0000000776e00000, 0x00000007aab00000)
  object space 1947648K, 99% used [0x0000000700000000,0x0000000776dec700,0x0000000776e00000)
 Metaspace       used 90337K, committed 92224K, reserved 1179648K
  class space    used 11727K, committed 12608K, reserved 1048576K
}
Event: 420.272 GC heap after
{Heap after GC invocations=2739 (full 3):
 PSYoungGen      total 5120K, used 428K [0x00000007aab00000, 0x00000007ab100000, 0x0000000800000000)
  eden space 4608K, 0% used [0x00000007aab00000,0x00000007aab00000,0x00000007aaf80000)
  from space 512K, 83% used [0x00000007ab080000,0x00000007ab0eb260,0x00000007ab100000)
  to   space 512K, 0% used [0x00000007ab000000,0x00000007ab000000,0x00000007ab080000)
 ParOldGen       total 1947648K, used 1947569K [0x0000000700000000, 0x0000000776e00000, 0x00000007aab00000)
  object space 1947648K, 99% used [0x0000000700000000,0x0000000776dec700,0x0000000776e00000)
 Metaspace       used 90337K, committed 92224K, reserved 1179648K
  class space    used 11727K, committed 12608K, reserved 1048576K
}

